<?xml version="1.0" encoding="UTF-8"?>
<!-- Generated by org.testng.reporters.JUnitXMLReporter -->
<testsuite ignored="0" hostname="HPLaptop-OSV3G" failures="1" tests="1" name="Test" time="13.071" errors="0" timestamp="2022-07-13T11:26:42 IST">
  <testcase classname="com.demo.project.HomePageTest" name="verifyHomepageHeaderText" time="6.264">
    <failure type="java.lang.AssertionError" message="Wrong header text displayed in Home page expected [Orange HRM1] but found [OrangeHRM]">
      <![CDATA[java.lang.AssertionError: Wrong header text displayed in Home page expected [Orange HRM1] but found [OrangeHRM]
at com.demo.project.HomePageTest.verifyHomepageHeaderText(HomePageTest.java:59)
at java.base/java.util.ArrayList.forEach(ArrayList.java:1511)
... Removed 34 stack frames]]>
    </failure>
  </testcase> <!-- verifyHomepageHeaderText -->
</testsuite> <!-- Test -->
